2018-09-22 01:39:11|   0.0|  0.0|INFORM|FME 2019.0.0.0 Beta (20180827 - Build 19099 - WIN64)
2018-09-22 01:39:11|   0.0|  0.0|INFORM|FME_HOME is 'C:\apps\FME2019.0_b19099_64b\'
2018-09-22 01:39:11|   0.0|  0.0|INFORM|FME Desktop ESRI Edition (floating)
2018-09-22 01:39:11|   0.0|  0.0|INFORM|Permanent License.
2018-09-22 01:39:11|   0.0|  0.0|INFORM|Machine host name is: pc-5371
2018-09-22 01:39:11|   0.0|  0.0|INFORM|START - ProcessID: 41424, peak process memory usage: 29352 kB, current process memory usage: 29352 kB
2018-09-22 01:39:11|   0.0|  0.0|INFORM|FME Configuration: Command line arguments are `C:\apps\FME2019.0_b19099_64b\fme.exe' `C:/Users/paalp/Documents/GitHub/FME_Dagen_2018/FME_Dagen_2018/ShutDownScript\wb-xlate-1537573150387_40372' `LOG_STANDARDOUT' `YES' `LogCountServerName' `{b266c0b7-5891-423e-b757-e81f729c093d}'
2018-09-22 01:39:11|   0.0|  0.0|INFORM|FME Configuration: Connection Storage: 'C:\Users\paalp\AppData\Roaming\Safe Software\FME\'
2018-09-22 01:39:11|   0.1|  0.0|INFORM|Using Python interpreter from `C:\apps\FME2019.0_b19099_64b\fmepython36\python36.dll' with PYTHONHOME `C:\apps\FME2019.0_b19099_64b\fmepython36'
2018-09-22 01:39:11|   0.1|  0.0|INFORM|Python version 3.6 loaded successfully
2018-09-22 01:39:11|   0.1|  0.0|INFORM|Adding folder `C:\Users\paalp\Documents\GitHub\FME_Dagen_2018\FME_Dagen_2018\ShutDownScript\' to the python path
2018-09-22 01:39:11|   0.2|  0.0|INFORM|Shared folders for formats are : C:\apps\FME2019.0_b19099_64b\datasources;C:\Users\paalp\Documents\FME\Formats
2018-09-22 01:39:11|   0.2|  0.0|INFORM|Shared folders for transformers are : C:\apps\FME2019.0_b19099_64b\transformers;C:\Users\paalp\Documents\FME\Transformers;C:\Users\paalp\AppData\Roaming\Safe Software\FME\FME Store\Transformers
2018-09-22 01:39:11|   0.2|  0.0|INFORM|Shared folders for coordinate systems are : C:\Users\paalp\Documents\FME\CoordinateSystems
2018-09-22 01:39:11|   0.2|  0.0|INFORM|Shared folders for coordinate system exceptions are : C:\Users\paalp\Documents\FME\CoordinateSystemExceptions
2018-09-22 01:39:11|   0.2|  0.0|WARN  |Failed to free sufficient memory to reach the process usage limit
2018-09-22 01:39:11|   0.2|  0.0|INFORM|Shared folders for coordinate system grid overrides are : C:\Users\paalp\Documents\FME\CoordinateSystemGridOverrides
2018-09-22 01:39:11|   0.2|  0.0|INFORM|Shared folders for CS-MAP transformation exceptions are : C:\Users\paalp\Documents\FME\CsmapTransformationExceptions
2018-09-22 01:39:11|   0.2|  0.0|INFORM|Shared folders for transformer categories are : C:\Users\paalp\Documents\FME\TransformerCategories
2018-09-22 01:39:11|   0.2|  0.0|INFORM|FME Configuration: Reader Keyword is `MULTI_READER'
2018-09-22 01:39:11|   0.2|  0.0|INFORM|FME Configuration: Writer Keyword is `NULL_DEST'
2018-09-22 01:39:11|   0.2|  0.0|INFORM|FME Configuration: Writer Group Definition Keyword is `NULL_DEST_DEF'
2018-09-22 01:39:11|   0.2|  0.0|INFORM|FME Configuration: Reader type is `MULTI_READER'
2018-09-22 01:39:11|   0.2|  0.0|INFORM|FME Configuration: Writer type is `NULL'
2018-09-22 01:39:11|   0.2|  0.0|INFORM|FME Configuration: No destination coordinate system set
2018-09-22 01:39:11|   0.2|  0.0|INFORM|FME Configuration: Current working folder is `C:\Users\paalp\Documents\GitHub\FME_Dagen_2018\FME_Dagen_2018\ShutDownScript'
2018-09-22 01:39:11|   0.2|  0.0|INFORM|FME Configuration: Temporary folder is `C:\Users\paalp\AppData\Local\Temp', set from environment variable `TEMP'
2018-09-22 01:39:11|   0.2|  0.0|INFORM|FME Configuration: FME_HOME is `C:\apps\FME2019.0_b19099_64b\'
2018-09-22 01:39:11|   0.2|  0.0|INFORM|FME Configuration: FME_BASE is 'no'
2018-09-22 01:39:11|   0.2|  0.0|INFORM|FME Configuration: FME_MF_DIR is 'C:\Users\paalp\Documents\GitHub\FME_Dagen_2018\FME_Dagen_2018\ShutDownScript/'
2018-09-22 01:39:11|   0.2|  0.0|INFORM|FME Configuration: FME_MF_NAME is 'shutdown_script.fmw'
2018-09-22 01:39:11|   0.2|  0.0|INFORM|FME Configuration: FME_PRODUCT_NAME is 'FME(R) 2019.0.0.0'
2018-09-22 01:39:11|   0.2|  0.0|INFORM|System Status: 267.10 GB of disk space available in the FME temporary folder (C:\Users\paalp\AppData\Local\Temp)
2018-09-22 01:39:11|   0.2|  0.0|INFORM|System Status: 128.00 TB of virtual memory available
2018-09-22 01:39:11|   0.2|  0.0|INFORM|Operating System: Microsoft Windows 10 64-bit  (Build 17134)
2018-09-22 01:39:11|   0.2|  0.0|INFORM|FME Platform: WIN64
2018-09-22 01:39:11|   0.2|  0.0|INFORM|Locale: nb_NO
2018-09-22 01:39:11|   0.2|  0.0|INFORM|Code Page: 1252  (ANSI - Latin I)
2018-09-22 01:39:11|   0.2|  0.0|INFORM|FME Configuration: Process limit is 15.86 GB of physical memory
2018-09-22 01:39:11|   0.2|  0.0|INFORM|FME Configuration: Start freeing memory when process usage exceeds 40.17 MB of virtual memory
2018-09-22 01:39:11|   0.2|  0.0|INFORM|FME Configuration: Stop freeing memory when process usage is below 38.56 MB of virtual memory
2018-09-22 01:39:11|   0.2|  0.0|INFORM|Creating writer for format: NULL (Nothing)
2018-09-22 01:39:11|   0.2|  0.0|INFORM|Trying to find a DYNAMIC plugin for writer named `NULL'
2018-09-22 01:39:11|   0.2|  0.0|INFORM|Loaded module 'NULL' from file 'C:\apps\FME2019.0_b19099_64b\plugins/NULL.dll'
2018-09-22 01:39:11|   0.2|  0.0|INFORM|FME API version of module 'NULL' matches current internal version (3.8 20180604)
2018-09-22 01:39:11|   0.2|  0.0|INFORM|Creating reader for format: 
2018-09-22 01:39:11|   0.2|  0.0|INFORM|MULTI_READER(MULTI_READER): Will fail with first member reader failure
2018-09-22 01:39:11|   0.2|  0.0|INFORM|Using Multi Reader with keyword `MULTI_READER' to read multiple datasets
2018-09-22 01:39:11|   0.2|  0.0|INFORM|FME API version of module 'NULL' matches current internal version (3.8 20180604)
2018-09-22 01:39:11|   0.2|  0.0|INFORM|FME API version of module 'NULL' matches current internal version (3.8 20180604)
2018-09-22 01:39:11|   0.2|  0.0|INFORM|Loaded module 'PythonFactory' from file 'C:\apps\FME2019.0_b19099_64b\plugins/PythonFactory.dll'
2018-09-22 01:39:11|   0.3|  0.0|INFORM|FME API version of module 'PythonFactory' matches current internal version (3.8 20180604)
2018-09-22 01:39:11|   0.3|  0.0|INFORM|Loaded module 'LogCount_func' from file 'C:\apps\FME2019.0_b19099_64b\plugins/LogCount_func.dll'
2018-09-22 01:39:11|   0.3|  0.0|INFORM|FME API version of module 'LogCount_func' matches current internal version (3.8 20180604)
2018-09-22 01:39:11|   0.3|  0.0|INFORM|Emptying factory pipeline
2018-09-22 01:39:11|   0.3|  0.0|STATS |PythonCreator_Creator(CreationFactory): Created 1 features
2018-09-22 01:39:11|   0.3|  0.0|STATS |PythonCreator_OUTPUT Feature Counter -1 2147549186(TeeFactory): Cloned 0 input feature(s) into 0 output feature(s)
2018-09-22 01:39:11|   0.3|  0.0|STATS |_CREATOR_BRANCH_TARGET(TeeFactory): Cloned 0 input feature(s) into 0 output feature(s)
2018-09-22 01:39:11|   0.3|  0.0|STATS |Destination Feature Type Routing Correlator(RoutingFactory): Tested 0 input feature(s), wrote 0 output feature(s): 0 matched merge filters, 0 were routed to output, 0 could not be routed.
2018-09-22 01:39:11|   0.3|  0.0|STATS |Final Output Nuker(TeeFactory): Cloned 0 input feature(s) into 0 output feature(s)
2018-09-22 01:39:11|   0.3|  0.0|STATS |=-=-=-=-=-=-=-=-=-=-=-=-=-=-=-=-=-=-=-=-=-=-=-=-=-=-=-=-=-=-=-=-=-=-=-=-=-=-=-
2018-09-22 01:39:11|   0.3|  0.0|STATS |                            Features Read Summary
2018-09-22 01:39:11|   0.3|  0.0|STATS |=-=-=-=-=-=-=-=-=-=-=-=-=-=-=-=-=-=-=-=-=-=-=-=-=-=-=-=-=-=-=-=-=-=-=-=-=-=-=-
2018-09-22 01:39:11|   0.3|  0.0|STATS |==============================================================================
2018-09-22 01:39:11|   0.3|  0.0|STATS |Total Features Read                                                          0
2018-09-22 01:39:11|   0.3|  0.0|STATS |=-=-=-=-=-=-=-=-=-=-=-=-=-=-=-=-=-=-=-=-=-=-=-=-=-=-=-=-=-=-=-=-=-=-=-=-=-=-=-
2018-09-22 01:39:11|   0.3|  0.0|STATS |=-=-=-=-=-=-=-=-=-=-=-=-=-=-=-=-=-=-=-=-=-=-=-=-=-=-=-=-=-=-=-=-=-=-=-=-=-=-=-
2018-09-22 01:39:11|   0.3|  0.0|STATS |                           Features Written Summary
2018-09-22 01:39:11|   0.3|  0.0|STATS |=-=-=-=-=-=-=-=-=-=-=-=-=-=-=-=-=-=-=-=-=-=-=-=-=-=-=-=-=-=-=-=-=-=-=-=-=-=-=-
2018-09-22 01:39:11|   0.3|  0.0|STATS |==============================================================================
2018-09-22 01:39:11|   0.3|  0.0|STATS |Total Features Written                                                       0
2018-09-22 01:39:11|   0.3|  0.0|STATS |=-=-=-=-=-=-=-=-=-=-=-=-=-=-=-=-=-=-=-=-=-=-=-=-=-=-=-=-=-=-=-=-=-=-=-=-=-=-=-
2018-09-22 01:39:11|   0.3|  0.0|WARN  |-~-~-~-~-~-~-~-~-~-~-~-~-~-~-~-~-~-~-~-~-~-~-~-~-~-~-~-~-~-~-~-~-~-~-~-~-~-~-~-~-
2018-09-22 01:39:11|   0.3|  0.0|WARN  |-~                                                                             ~-
2018-09-22 01:39:11|   0.3|  0.0|WARN  |-~    Feature caches have been recorded at every stage of the translation.     ~-
2018-09-22 01:39:11|   0.3|  0.0|WARN  |-~                      To inspect the recorded features,                      ~-
2018-09-22 01:39:11|   0.3|  0.0|WARN  |-~              click the feature cache icons next to the ports.               ~-
2018-09-22 01:39:11|   0.3|  0.0|WARN  |-~                                                                             ~-
2018-09-22 01:39:11|   0.3|  0.0|WARN  |-~-~-~-~-~-~-~-~-~-~-~-~-~-~-~-~-~-~-~-~-~-~-~-~-~-~-~-~-~-~-~-~-~-~-~-~-~-~-~-~-
2018-09-22 01:39:11|   0.3|  0.0|INFORM|Translation was SUCCESSFUL with 8 warning(s) (0 feature(s) output)
2018-09-22 01:39:11|   0.3|  0.0|INFORM|FME Session Duration: 0.5 seconds. (CPU: 0.1s user, 0.1s system)
2018-09-22 01:39:11|   0.3|  0.0|INFORM|END - ProcessID: 41424, peak process memory usage: 46084 kB, current process memory usage: 45836 kB
