2018-09-21 08:40:13|   0.1|  0.1|INFORM|FME 2019.0.0.0 Beta (20180827 - Build 19099 - WIN64)
2018-09-21 08:40:13|   0.1|  0.0|INFORM|FME_HOME is 'C:\apps\FME2019.0_b19099_64b\'
2018-09-21 08:40:13|   0.1|  0.0|INFORM|FME Desktop ESRI Edition (floating)
2018-09-21 08:40:13|   0.1|  0.0|INFORM|Permanent License.
2018-09-21 08:40:13|   0.1|  0.0|INFORM|Machine host name is: pc-5371
2018-09-21 08:40:13|   0.1|  0.0|INFORM|START - ProcessID: 23416, peak process memory usage: 29664 kB, current process memory usage: 29664 kB
2018-09-21 08:40:13|   0.1|  0.0|INFORM|FME Configuration: Command line arguments are `C:\apps\FME2019.0_b19099_64b\fme.exe' `C:/Users/paalp/Documents/GitHub/FME_Dagen_2018/FME_Dagen_2018/PythonCaller\wb-xlate-1537512011790_2556' `LOG_STANDARDOUT' `YES' `LogCountServerName' `{93e49945-e8a2-4355-a3a8-c05cf47b69a4}'
2018-09-21 08:40:13|   0.1|  0.0|INFORM|FME Configuration: Connection Storage: 'C:\Users\paalp\AppData\Roaming\Safe Software\FME\'
2018-09-21 08:40:14|   0.3|  0.2|INFORM|Shared folders for formats are : C:\apps\FME2019.0_b19099_64b\datasources;C:\Users\paalp\Documents\FME\Formats
2018-09-21 08:40:14|   0.3|  0.0|INFORM|Shared folders for transformers are : C:\apps\FME2019.0_b19099_64b\transformers;C:\Users\paalp\Documents\FME\Transformers;C:\Users\paalp\AppData\Roaming\Safe Software\FME\FME Store\Transformers
2018-09-21 08:40:14|   0.3|  0.0|INFORM|Shared folders for coordinate systems are : C:\Users\paalp\Documents\FME\CoordinateSystems
2018-09-21 08:40:14|   0.3|  0.0|INFORM|Shared folders for coordinate system exceptions are : C:\Users\paalp\Documents\FME\CoordinateSystemExceptions
2018-09-21 08:40:14|   0.3|  0.0|INFORM|Shared folders for coordinate system grid overrides are : C:\Users\paalp\Documents\FME\CoordinateSystemGridOverrides
2018-09-21 08:40:14|   0.3|  0.0|INFORM|Shared folders for CS-MAP transformation exceptions are : C:\Users\paalp\Documents\FME\CsmapTransformationExceptions
2018-09-21 08:40:14|   0.3|  0.0|INFORM|Shared folders for transformer categories are : C:\Users\paalp\Documents\FME\TransformerCategories
2018-09-21 08:40:14|   0.3|  0.0|INFORM|FME Configuration: Reader Keyword is `MULTI_READER'
2018-09-21 08:40:14|   0.3|  0.0|INFORM|FME Configuration: Writer Keyword is `MULTI_WRITER'
2018-09-21 08:40:14|   0.3|  0.0|INFORM|FME Configuration: Writer Group Definition Keyword is `MULTI_WRITER_DEF'
2018-09-21 08:40:14|   0.3|  0.0|INFORM|FME Configuration: Reader type is `MULTI_READER'
2018-09-21 08:40:14|   0.3|  0.0|INFORM|FME Configuration: Writer type is `MULTI_WRITER'
2018-09-21 08:40:14|   0.3|  0.0|INFORM|FME Configuration: No destination coordinate system set
2018-09-21 08:40:14|   0.3|  0.0|INFORM|FME Configuration: Current working folder is `C:\Users\paalp\Documents\GitHub\FME_Dagen_2018\FME_Dagen_2018\PythonCaller'
2018-09-21 08:40:14|   0.3|  0.0|INFORM|FME Configuration: Temporary folder is `C:\Users\paalp\AppData\Local\Temp', set from environment variable `TEMP'
2018-09-21 08:40:14|   0.3|  0.0|INFORM|FME Configuration: FME_HOME is `C:\apps\FME2019.0_b19099_64b\'
2018-09-21 08:40:14|   0.3|  0.0|INFORM|FME Configuration: FME_BASE is 'no'
2018-09-21 08:40:14|   0.3|  0.0|INFORM|FME Configuration: FME_MF_DIR is 'C:\Users\paalp\Documents\GitHub\FME_Dagen_2018\FME_Dagen_2018\PythonCaller/'
2018-09-21 08:40:14|   0.3|  0.0|INFORM|FME Configuration: FME_MF_NAME is 'example_2_bulk_attribute_feature_managing.fmw'
2018-09-21 08:40:14|   0.3|  0.0|INFORM|FME Configuration: FME_PRODUCT_NAME is 'FME(R) 2019.0.0.0'
2018-09-21 08:40:14|   0.3|  0.0|INFORM|System Status: 268.13 GB of disk space available in the FME temporary folder (C:\Users\paalp\AppData\Local\Temp)
2018-09-21 08:40:14|   0.3|  0.0|INFORM|System Status: 128.00 TB of virtual memory available
2018-09-21 08:40:14|   0.3|  0.0|INFORM|Operating System: Microsoft Windows 10 64-bit  (Build 17134)
2018-09-21 08:40:14|   0.3|  0.0|INFORM|FME Platform: WIN64
2018-09-21 08:40:14|   0.3|  0.0|INFORM|Locale: nb_NO
2018-09-21 08:40:14|   0.3|  0.0|INFORM|Code Page: 1252  (ANSI - Latin I)
2018-09-21 08:40:14|   0.3|  0.0|INFORM|FME Configuration: Process limit is 15.86 GB of physical memory
2018-09-21 08:40:14|   0.3|  0.0|INFORM|FME Configuration: Start freeing memory when process usage exceeds 47.57 GB of virtual memory
2018-09-21 08:40:14|   0.3|  0.0|INFORM|FME Configuration: Stop freeing memory when process usage is below 35.68 GB of virtual memory
2018-09-21 08:40:14|   0.3|  0.0|INFORM|Creating writer for format: 
2018-09-21 08:40:14|   0.3|  0.0|INFORM|Creating reader for format: 
2018-09-21 08:40:14|   0.3|  0.0|INFORM|MULTI_READER(MULTI_READER): Will fail with first member reader failure
2018-09-21 08:40:14|   0.3|  0.0|INFORM|Using Multi Reader with keyword `MULTI_READER' to read multiple datasets
2018-09-21 08:40:14|   0.3|  0.0|INFORM|Using MultiWriter with keyword `MULTI_WRITER' to output data (ID_ATTRIBUTE is `multi_writer_id')
2018-09-21 08:40:14|   0.3|  0.0|INFORM|Writer output will be ordered by value of multi_writer_id
2018-09-21 08:40:14|   0.3|  0.0|INFORM|Loaded module 'Geometry_func' from file 'C:\apps\FME2019.0_b19099_64b\plugins/Geometry_func.dll'
2018-09-21 08:40:14|   0.3|  0.0|INFORM|FME API version of module 'Geometry_func' matches current internal version (3.8 20180604)
2018-09-21 08:40:14|   0.3|  0.0|INFORM|Loaded module 'LogCount_func' from file 'C:\apps\FME2019.0_b19099_64b\plugins/LogCount_func.dll'
2018-09-21 08:40:14|   0.3|  0.0|INFORM|FME API version of module 'LogCount_func' matches current internal version (3.8 20180604)
2018-09-21 08:40:14|   0.3|  0.0|INFORM|Loaded module 'PythonFactory' from file 'C:\apps\FME2019.0_b19099_64b\plugins/PythonFactory.dll'
2018-09-21 08:40:14|   0.3|  0.0|INFORM|FME API version of module 'PythonFactory' matches current internal version (3.8 20180604)
2018-09-21 08:40:14|   0.3|  0.0|INFORM|Using Python interpreter from `C:\apps\FME2019.0_b19099_64b\fmepython36\python36.dll' with PYTHONHOME `C:\apps\FME2019.0_b19099_64b\fmepython36'
2018-09-21 08:40:14|   0.3|  0.0|INFORM|Python version 3.6 loaded successfully
2018-09-21 08:40:14|   0.4|  0.0|INFORM|Adding folder `C:\Users\paalp\Documents\GitHub\FME_Dagen_2018\FME_Dagen_2018\PythonCaller\' to the python path
2018-09-21 08:40:14|   0.4|  0.1|INFORM|Emptying factory pipeline
2018-09-21 08:40:14|   0.4|  0.0|STATS |Storing feature(s) to FME feature store file `C:\Users\paalp\AppData\Local\Temp\wb-cache--Wm2556\Main_Creator -1 2 fo 0 CREATED  0  7040d2eb0f8ebdb38858a1487eff7817b03b350b.ffsupdating'
2018-09-21 08:40:14|   0.6|  0.1|INFORM|Creating reader for format: CSV (Comma Separated Value)
2018-09-21 08:40:14|   0.6|  0.1|INFORM|Trying to find a DYNAMIC plugin for reader named `CSV2'
2018-09-21 08:40:14|   0.6|  0.0|INFORM|Loaded module 'CSV2' from file 'C:\apps\FME2019.0_b19099_64b\plugins/CSV2.dll'
2018-09-21 08:40:14|   0.6|  0.0|INFORM|FME API version of module 'CSV2' matches current internal version (3.8 20180604)
2018-09-21 08:40:14|   0.6|  0.0|INFORM|CSV reader: Opening dataset 'C:\Users\paalp\Documents\GitHub\FME_Dagen_2018\FME_Dagen_2018\PythonCaller\schema_file.csv'
2018-09-21 08:40:14|   0.6|  0.0|INFORM|CSV reader: Directive '_DELIMITER' has the value 'auto'
2018-09-21 08:40:14|   0.6|  0.0|INFORM|CSV reader: Directive '_FIELD_NAMES_LINE' has the value '1'
2018-09-21 08:40:14|   0.6|  0.0|INFORM|CSV reader: Directive '_DATA_START_LINE' has the value '2'
2018-09-21 08:40:14|   0.6|  0.0|INFORM|CSV reader: Directive '_SCAN_MAX_ROWS' has the value '1000'
2018-09-21 08:40:14|   0.6|  0.0|INFORM|CSV reader: Directive '_READ_SKIPPED_LINES' has the value 'No'
2018-09-21 08:40:14|   0.6|  0.0|INFORM|CSV reader: Directive '_ENCODING' has the value 'windows-1252'
2018-09-21 08:40:14|   0.6|  0.0|INFORM|CSV reader: Directive '_SKIP_DUPLICATE_DELIMITERS' has the value 'No'
2018-09-21 08:40:14|   0.6|  0.0|INFORM|CSV reader: Directive '_FIELD_QUALIFIER_CHARACTER' has the value '"'
2018-09-21 08:40:14|   0.6|  0.0|INFORM|CSV reader: Directive '_FIELD_QUALIFIER_ESCAPE_CHARACTER' has the value '"'
2018-09-21 08:40:14|   0.6|  0.0|INFORM|CSV reader: Directive '_TRIM_FIELD_NAME_QUALIFIERS' has the value 'Yes'
2018-09-21 08:40:14|   0.6|  0.0|INFORM|CSV reader: Directive '_TRIM_FIELD_VALUE_QUALIFIERS' has the value 'Yes'
2018-09-21 08:40:14|   0.6|  0.0|INFORM|CSV reader: Directive '_PRESERVE_SOURCE_ENCODING' has the value 'No'
2018-09-21 08:40:14|   0.6|  0.0|INFORM|CSV reader: Directive '_CASE_SENSITIVE_FIELD_NAMES' has the value 'Yes'
2018-09-21 08:40:14|   0.6|  0.0|INFORM|CSV reader: Directive '_ENFORCE_STRICT_SCHEMA' has the value 'No'
2018-09-21 08:40:14|   0.6|  0.0|INFORM|CSV reader: Directive '_SCAN_TYPES' has the value 'No'
2018-09-21 08:40:14|   0.6|  0.0|INFORM|CSV reader: Directive '_SCAN_ADDITIONAL_FIELDS' has the value 'No'
2018-09-21 08:40:14|   0.7|  0.1|INFORM|CSV2 reader: Splitting feature table
2018-09-21 08:40:15|   0.7|  0.0|STATS |Storing feature(s) to FME feature store file `C:\Users\paalp\AppData\Local\Temp\wb-cache--Wm2556\Main_SchemaMapper -1 39 fo 0 MAPPED  0  46a0ef6f90c11546de644a6bbb13f92c59a52a21.ffsupdating'
2018-09-21 08:40:15|   0.8|  0.0|STATS |Storing feature(s) to FME feature store file `C:\Users\paalp\AppData\Local\Temp\wb-cache--Wm2556\Main_AttributeExposer -1 54 fo 0 OUTPUT  0  96d801c689b22ba86059a9b9c9a654237ab07549.ffsupdating'
2018-09-21 08:40:15|   0.8|  0.0|STATS |Storing feature(s) to FME feature store file `C:\Users\paalp\AppData\Local\Temp\wb-cache--Wm2556\Main_AttributeRemover -1 53 fo 0 OUTPUT  0  1e8e3f401dd46ed134f4d71c23a0d1b9c81e17ca.ffsupdating'
2018-09-21 08:40:15|   0.8|  0.1|STATS |Storing feature(s) to FME feature store file `C:\Users\paalp\AppData\Local\Temp\wb-cache--Wm2556\Main_Sampler -1 3 fo 1 NOT_SAMPLED  0  5cd7722a60606bd322851df0b7dd97f4625600cd.ffsupdating'
2018-09-21 08:40:15|   0.9|  0.0|STATS |Storing feature(s) to FME feature store file `C:\Users\paalp\AppData\Local\Temp\wb-cache--Wm2556\Main_Sampler_2 -1 4 fo 1 NOT_SAMPLED  0  e75f0a3ab485f9e7299bcbc95139c1f808ac4b63.ffsupdating'
2018-09-21 08:40:15|   0.9|  0.0|STATS |Storing feature(s) to FME feature store file `C:\Users\paalp\AppData\Local\Temp\wb-cache--Wm2556\Main_AttributeCreator -1 7 fo 0 OUTPUT  0  2237877a908ffe8d4ef63ca86e515d6be7e2a618.ffsupdating'
2018-09-21 08:40:15|   0.9|  0.0|STATS |Storing feature(s) to FME feature store file `C:\Users\paalp\AppData\Local\Temp\wb-cache--Wm2556\Main_Junction -1 13 fo 0 Output  0  1baa52fc2993a85acff8665439b175c421819452.ffsupdating'
2018-09-21 08:40:15|   0.9|  0.0|STATS |Storing feature(s) to FME feature store file `C:\Users\paalp\AppData\Local\Temp\wb-cache--Wm2556\Main_Sampler_2 -1 4 fo 0 SAMPLED  0  d56a1f3c60aa149690e0028009286c2e350e8bdd.ffsupdating'
2018-09-21 08:40:15|   0.9|  0.0|STATS |Storing feature(s) to FME feature store file `C:\Users\paalp\AppData\Local\Temp\wb-cache--Wm2556\Main_AttributeCreator_2 -1 9 fo 0 OUTPUT  0  18ac8861e372f7f9a20710bb16603911ed8bf559.ffsupdating'
2018-09-21 08:40:15|   1.0|  0.0|STATS |Storing feature(s) to FME feature store file `C:\Users\paalp\AppData\Local\Temp\wb-cache--Wm2556\Main_Sampler -1 3 fo 0 SAMPLED  0  ce67a11468cac35f48560ac6fe205c503926d152.ffsupdating'
2018-09-21 08:40:15|   1.0|  0.0|STATS |Storing feature(s) to FME feature store file `C:\Users\paalp\AppData\Local\Temp\wb-cache--Wm2556\Main_AttributeCreator_3 -1 10 fo 0 OUTPUT  0  88fafac04022c55df7f9a3982cc37c4ecd42e98b.ffsupdating'
2018-09-21 08:40:15|   1.0|  0.1|STATS |Creator_XML_Creator(CreationFactory): Created 1 features
2018-09-21 08:40:15|   1.0|  0.0|STATS |Creator_Cloner(TeeFactory): Cloned 1 input feature(s) into 99 output feature(s)
2018-09-21 08:40:15|   1.0|  0.0|STATS |Creator_CREATED Feature Counter -1 40(TeeFactory): Cloned 99 input feature(s) into 99 output feature(s)
2018-09-21 08:40:15|   1.0|  0.0|STATS |Creator_CREATED Brancher -1 40(BranchingFactory): Branched 99 input features -- 99 features routed to the target factory, and 0 features routed to the fallback factory.
2018-09-21 08:40:15|   1.0|  0.0|STATS |_CREATOR_BRANCH_TARGET(TeeFactory): Cloned 99 input feature(s) into 99 output feature(s)
2018-09-21 08:40:15|   1.0|  0.0|STATS |SchemaMapper_MAPPED Feature Counter -1 56(TeeFactory): Cloned 99 input feature(s) into 99 output feature(s)
2018-09-21 08:40:15|   1.0|  0.0|STATS |SchemaMapper_UNMAPPED Feature Counter -1 2147680295(TeeFactory): Cloned 0 input feature(s) into 0 output feature(s)
2018-09-21 08:40:15|   1.0|  0.0|STATS |AttributeExposer(TeeFactory): Cloned 99 input feature(s) into 99 output feature(s)
2018-09-21 08:40:15|   1.0|  0.0|STATS |AttributeExposer_OUTPUT Feature Counter -1 60(TeeFactory): Cloned 99 input feature(s) into 99 output feature(s)
2018-09-21 08:40:15|   1.0|  0.0|STATS |AttributeRemover(TeeFactory): Cloned 99 input feature(s) into 99 output feature(s)
2018-09-21 08:40:15|   1.0|  0.0|STATS |AttributeRemover_OUTPUT Feature Counter -1 61(TeeFactory): Cloned 99 input feature(s) into 99 output feature(s)
2018-09-21 08:40:15|   1.0|  0.0|STATS |Sampler(SamplingFactory): Sampled 33 of 99 feature(s)
2018-09-21 08:40:15|   1.0|  0.0|STATS |Sampler_Sampled(TeeFactory): Cloned 33 input feature(s) into 33 output feature(s)
2018-09-21 08:40:15|   1.0|  0.0|STATS |Sampler_SAMPLED Feature Counter -1 11(TeeFactory): Cloned 33 input feature(s) into 33 output feature(s)
2018-09-21 08:40:15|   1.0|  0.0|STATS |Sampler_NOT_SAMPLED Feature Counter -1 5(TeeFactory): Cloned 66 input feature(s) into 66 output feature(s)
2018-09-21 08:40:15|   1.0|  0.0|STATS |Sampler_2(SamplingFactory): Sampled 33 of 66 feature(s)
2018-09-21 08:40:15|   1.0|  0.0|STATS |Sampler_2_Sampled(TeeFactory): Cloned 33 input feature(s) into 33 output feature(s)
2018-09-21 08:40:15|   1.0|  0.0|STATS |Sampler_2_SAMPLED Feature Counter -1 12(TeeFactory): Cloned 33 input feature(s) into 33 output feature(s)
2018-09-21 08:40:15|   1.0|  0.0|STATS |Sampler_2_NOT_SAMPLED Feature Counter -1 8(TeeFactory): Cloned 33 input feature(s) into 33 output feature(s)
2018-09-21 08:40:15|   1.0|  0.0|STATS |AttributeCreator_OUTPUT Feature Counter -1 15(TeeFactory): Cloned 33 input feature(s) into 33 output feature(s)
2018-09-21 08:40:15|   1.0|  0.0|STATS |AttributeCreator_2_OUTPUT Feature Counter -1 14(TeeFactory): Cloned 33 input feature(s) into 33 output feature(s)
2018-09-21 08:40:15|   1.0|  0.0|STATS |AttributeCreator_3_OUTPUT Feature Counter -1 16(TeeFactory): Cloned 33 input feature(s) into 33 output feature(s)
2018-09-21 08:40:15|   1.0|  0.0|STATS |Junction(TeeFactory): Cloned 99 input feature(s) into 99 output feature(s)
2018-09-21 08:40:15|   1.0|  0.0|STATS |Junction_Output Feature Counter -1 46(TeeFactory): Cloned 99 input feature(s) into 99 output feature(s)
2018-09-21 08:40:15|   1.0|  0.0|STATS |Storing feature(s) to FME feature store file `C:\Users\paalp\AppData\Local\Temp\wb-cache--Wm2556\Main_PythonCaller_2 -1 45 fo 0 OUTPUT  0  a494182b2a4e685beff48f4d83dee806fe31a5da.ffsupdating'
2018-09-21 08:40:15|   1.1|  0.0|STATS |Storing feature(s) to FME feature store file `C:\Users\paalp\AppData\Local\Temp\wb-cache--Wm2556\Main_FeatureTypeFilter_2 -1 49 fo 1 _lt_UNFILTERED_gt_  0  94130451b2b10cebc1f25c870d9b477f7b54cf33.ffsupdating'
2018-09-21 08:40:15|   1.2|  0.1|STATS |Storing feature(s) to FME feature store file `C:\Users\paalp\AppData\Local\Temp\wb-cache--Wm2556\Main_Tester -1 42 fo 0 PASSED  0  56d16d2856594eb5407f2caa0c640b50cdd6736c.ffsupdating'
2018-09-21 08:40:16|   1.3|  0.2|INFORM|Creating writer for format: SQLite Non-Spatial
2018-09-21 08:40:16|   1.3|  0.0|INFORM|Trying to find a DYNAMIC plugin for writer named `SQLITE3'
2018-09-21 08:40:16|   1.3|  0.0|INFORM|Loaded module 'SQLITE3' from file 'C:\apps\FME2019.0_b19099_64b\plugins/FME_SQLITE3.dll'
2018-09-21 08:40:16|   1.3|  0.0|INFORM|FME API version of module 'SQLITE3' matches current internal version (3.8 20180604)
2018-09-21 08:40:16|   1.3|  0.0|INFORM|FME Configuration: No destination coordinate system set
2018-09-21 08:40:16|   1.3|  0.0|INFORM|FME API version of module 'SQLITE3' matches current internal version (3.8 20180604)
2018-09-21 08:40:16|   1.3|  0.0|INFORM|Writer `SQLITE3_1' of type `SQLITE3' using group definition keyword `SQLITE3_1_DEF'
2018-09-21 08:40:16|   1.3|  0.0|INFORM|FME API version of module 'SQLITE3' matches current internal version (3.8 20180604)
2018-09-21 08:40:16|   1.3|  0.0|INFORM|SQLite 3 Writer: Opening `C:\Users\paalp\Documents\GitHub\FME_Dagen_2018\FME_Dagen_2018\PythonCaller\table.db' for write operation
2018-09-21 08:40:16|   1.3|  0.0|INFORM|SQLITE3 writer: Building feature table
2018-09-21 08:40:16|   1.4|  0.0|STATS |Storing feature(s) to FME feature store file `C:\Users\paalp\AppData\Local\Temp\wb-cache--Wm2556\Main_FeatureTypeFilter_2 -1 49 fo 4 ID_table  0  bb96bccd2a32cb72ee83decc1788771e6af20383.ffsupdating'
2018-09-21 08:40:16|   1.4|  0.0|INFORM|SQLITE3 writer: Building feature table
2018-09-21 08:40:16|   1.4|  0.0|STATS |Storing feature(s) to FME feature store file `C:\Users\paalp\AppData\Local\Temp\wb-cache--Wm2556\Main_FeatureTypeFilter_2 -1 49 fo 2 Soda_table  0  e8c0f1554bdfff68edd50bd558e4e773cd67cffc.ffsupdating'
2018-09-21 08:40:16|   1.4|  0.0|INFORM|SQLITE3 writer: Building feature table
2018-09-21 08:40:16|   1.4|  0.0|STATS |Storing feature(s) to FME feature store file `C:\Users\paalp\AppData\Local\Temp\wb-cache--Wm2556\Main_Tester -1 42 fo 1 FAILED  0  18d2ae8537af32bf3c7ffe70970017c0303e6573.ffsupdating'
2018-09-21 08:40:16|   1.5|  0.0|STATS |Storing feature(s) to FME feature store file `C:\Users\paalp\AppData\Local\Temp\wb-cache--Wm2556\Main_FeatureTypeFilter_2 -1 49 fo 3 Name_table  0  6214a4fe513813a26df6e21bc9d431268d1abf95.ffsupdating'
2018-09-21 08:40:16|   1.5|  0.0|INFORM|SQLITE3 writer: Building feature table
2018-09-21 08:40:16|   1.5|  0.0|STATS |PythonCaller_2_OUTPUT Feature Counter -1 48(TeeFactory): Cloned 303 input feature(s) into 303 output feature(s)
2018-09-21 08:40:16|   1.5|  0.0|STATS |FeatureTypeFilter_2(TestFactory): Tested 303 input feature(s) -- 201 feature(s) passed and 102 feature(s) failed
2018-09-21 08:40:16|   1.5|  0.0|STATS |FeatureTypeFilter_2_BlankFilter(TestFactory): Tested 102 input feature(s) -- 0 feature(s) passed and 102 feature(s) failed
2018-09-21 08:40:16|   1.5|  0.0|STATS |FeatureTypeFilter_2_<BLANK> Feature Counter -1 2147614769(TeeFactory): Cloned 0 input feature(s) into 0 output feature(s)
2018-09-21 08:40:16|   1.5|  0.0|STATS |FeatureTypeFilter_2_<UNFILTERED> Feature Counter -1 43(TeeFactory): Cloned 102 input feature(s) into 102 output feature(s)
2018-09-21 08:40:16|   1.5|  0.0|STATS |FeatureTypeFilter_2_Soda_table Feature Counter -1 55(TeeFactory): Cloned 3 input feature(s) into 3 output feature(s)
2018-09-21 08:40:16|   1.5|  0.0|STATS |FeatureTypeFilter_2_Name_table Feature Counter -1 57(TeeFactory): Cloned 99 input feature(s) into 99 output feature(s)
2018-09-21 08:40:16|   1.5|  0.0|STATS |FeatureTypeFilter_2_ID_table Feature Counter -1 59(TeeFactory): Cloned 99 input feature(s) into 99 output feature(s)
2018-09-21 08:40:16|   1.5|  0.0|STATS |Tester(TestFactory): Tested 102 input feature(s) -- 99 feature(s) passed and 3 feature(s) failed
2018-09-21 08:40:16|   1.5|  0.0|STATS |Stored 99 feature(s) to FME feature store file `C:\Users\paalp\AppData\Local\Temp\wb-cache--Wm2556\Main_AttributeRemover -1 53 fo 0 OUTPUT  0  1e8e3f401dd46ed134f4d71c23a0d1b9c81e17ca.ffsupdating'
2018-09-21 08:40:16|   1.5|  0.0|INFORM|Saving spatial index into file 'C:\Users\paalp\AppData\Local\Temp\wb-cache--Wm2556\Main_AttributeRemover -1 53 fo 0 OUTPUT  0  1e8e3f401dd46ed134f4d71c23a0d1b9c81e17ca.fsi'
2018-09-21 08:40:16|   1.5|  0.0|INFORM|Finished saving spatial index into file 'C:\Users\paalp\AppData\Local\Temp\wb-cache--Wm2556\Main_AttributeRemover -1 53 fo 0 OUTPUT  0  1e8e3f401dd46ed134f4d71c23a0d1b9c81e17ca.fsi'
2018-09-21 08:40:16|   1.5|  0.0|STATS |Stored 99 feature(s) to FME feature store file `C:\Users\paalp\AppData\Local\Temp\wb-cache--Wm2556\Main_Creator -1 2 fo 0 CREATED  0  7040d2eb0f8ebdb38858a1487eff7817b03b350b.ffsupdating'
2018-09-21 08:40:16|   1.5|  0.0|INFORM|Saving spatial index into file 'C:\Users\paalp\AppData\Local\Temp\wb-cache--Wm2556\Main_Creator -1 2 fo 0 CREATED  0  7040d2eb0f8ebdb38858a1487eff7817b03b350b.fsi'
2018-09-21 08:40:16|   1.5|  0.0|INFORM|Finished saving spatial index into file 'C:\Users\paalp\AppData\Local\Temp\wb-cache--Wm2556\Main_Creator -1 2 fo 0 CREATED  0  7040d2eb0f8ebdb38858a1487eff7817b03b350b.fsi'
2018-09-21 08:40:16|   1.5|  0.0|STATS |Stored 33 feature(s) to FME feature store file `C:\Users\paalp\AppData\Local\Temp\wb-cache--Wm2556\Main_Sampler_2 -1 4 fo 1 NOT_SAMPLED  0  e75f0a3ab485f9e7299bcbc95139c1f808ac4b63.ffsupdating'
2018-09-21 08:40:16|   1.5|  0.0|INFORM|Saving spatial index into file 'C:\Users\paalp\AppData\Local\Temp\wb-cache--Wm2556\Main_Sampler_2 -1 4 fo 1 NOT_SAMPLED  0  e75f0a3ab485f9e7299bcbc95139c1f808ac4b63.fsi'
2018-09-21 08:40:16|   1.5|  0.0|INFORM|Finished saving spatial index into file 'C:\Users\paalp\AppData\Local\Temp\wb-cache--Wm2556\Main_Sampler_2 -1 4 fo 1 NOT_SAMPLED  0  e75f0a3ab485f9e7299bcbc95139c1f808ac4b63.fsi'
2018-09-21 08:40:16|   1.5|  0.0|STATS |Stored 99 feature(s) to FME feature store file `C:\Users\paalp\AppData\Local\Temp\wb-cache--Wm2556\Main_SchemaMapper -1 39 fo 0 MAPPED  0  46a0ef6f90c11546de644a6bbb13f92c59a52a21.ffsupdating'
2018-09-21 08:40:16|   1.5|  0.0|INFORM|Saving spatial index into file 'C:\Users\paalp\AppData\Local\Temp\wb-cache--Wm2556\Main_SchemaMapper -1 39 fo 0 MAPPED  0  46a0ef6f90c11546de644a6bbb13f92c59a52a21.fsi'
2018-09-21 08:40:16|   1.5|  0.0|INFORM|Finished saving spatial index into file 'C:\Users\paalp\AppData\Local\Temp\wb-cache--Wm2556\Main_SchemaMapper -1 39 fo 0 MAPPED  0  46a0ef6f90c11546de644a6bbb13f92c59a52a21.fsi'
2018-09-21 08:40:16|   1.5|  0.0|STATS |Stored 303 feature(s) to FME feature store file `C:\Users\paalp\AppData\Local\Temp\wb-cache--Wm2556\Main_PythonCaller_2 -1 45 fo 0 OUTPUT  0  a494182b2a4e685beff48f4d83dee806fe31a5da.ffsupdating'
2018-09-21 08:40:16|   1.5|  0.0|INFORM|Saving spatial index into file 'C:\Users\paalp\AppData\Local\Temp\wb-cache--Wm2556\Main_PythonCaller_2 -1 45 fo 0 OUTPUT  0  a494182b2a4e685beff48f4d83dee806fe31a5da.fsi'
2018-09-21 08:40:16|   1.5|  0.0|INFORM|Finished saving spatial index into file 'C:\Users\paalp\AppData\Local\Temp\wb-cache--Wm2556\Main_PythonCaller_2 -1 45 fo 0 OUTPUT  0  a494182b2a4e685beff48f4d83dee806fe31a5da.fsi'
2018-09-21 08:40:16|   1.5|  0.0|STATS |Stored 33 feature(s) to FME feature store file `C:\Users\paalp\AppData\Local\Temp\wb-cache--Wm2556\Main_Sampler_2 -1 4 fo 0 SAMPLED  0  d56a1f3c60aa149690e0028009286c2e350e8bdd.ffsupdating'
2018-09-21 08:40:16|   1.5|  0.0|INFORM|Saving spatial index into file 'C:\Users\paalp\AppData\Local\Temp\wb-cache--Wm2556\Main_Sampler_2 -1 4 fo 0 SAMPLED  0  d56a1f3c60aa149690e0028009286c2e350e8bdd.fsi'
2018-09-21 08:40:16|   1.5|  0.0|INFORM|Finished saving spatial index into file 'C:\Users\paalp\AppData\Local\Temp\wb-cache--Wm2556\Main_Sampler_2 -1 4 fo 0 SAMPLED  0  d56a1f3c60aa149690e0028009286c2e350e8bdd.fsi'
2018-09-21 08:40:16|   1.5|  0.0|STATS |Stored 33 feature(s) to FME feature store file `C:\Users\paalp\AppData\Local\Temp\wb-cache--Wm2556\Main_AttributeCreator -1 7 fo 0 OUTPUT  0  2237877a908ffe8d4ef63ca86e515d6be7e2a618.ffsupdating'
2018-09-21 08:40:16|   1.5|  0.0|INFORM|Saving spatial index into file 'C:\Users\paalp\AppData\Local\Temp\wb-cache--Wm2556\Main_AttributeCreator -1 7 fo 0 OUTPUT  0  2237877a908ffe8d4ef63ca86e515d6be7e2a618.fsi'
2018-09-21 08:40:16|   1.5|  0.0|INFORM|Finished saving spatial index into file 'C:\Users\paalp\AppData\Local\Temp\wb-cache--Wm2556\Main_AttributeCreator -1 7 fo 0 OUTPUT  0  2237877a908ffe8d4ef63ca86e515d6be7e2a618.fsi'
2018-09-21 08:40:16|   1.5|  0.0|STATS |Stored 99 feature(s) to FME feature store file `C:\Users\paalp\AppData\Local\Temp\wb-cache--Wm2556\Main_AttributeExposer -1 54 fo 0 OUTPUT  0  96d801c689b22ba86059a9b9c9a654237ab07549.ffsupdating'
2018-09-21 08:40:16|   1.5|  0.0|INFORM|Saving spatial index into file 'C:\Users\paalp\AppData\Local\Temp\wb-cache--Wm2556\Main_AttributeExposer -1 54 fo 0 OUTPUT  0  96d801c689b22ba86059a9b9c9a654237ab07549.fsi'
2018-09-21 08:40:16|   1.5|  0.0|INFORM|Finished saving spatial index into file 'C:\Users\paalp\AppData\Local\Temp\wb-cache--Wm2556\Main_AttributeExposer -1 54 fo 0 OUTPUT  0  96d801c689b22ba86059a9b9c9a654237ab07549.fsi'
2018-09-21 08:40:16|   1.5|  0.0|STATS |Stored 66 feature(s) to FME feature store file `C:\Users\paalp\AppData\Local\Temp\wb-cache--Wm2556\Main_Sampler -1 3 fo 1 NOT_SAMPLED  0  5cd7722a60606bd322851df0b7dd97f4625600cd.ffsupdating'
2018-09-21 08:40:16|   1.5|  0.0|INFORM|Saving spatial index into file 'C:\Users\paalp\AppData\Local\Temp\wb-cache--Wm2556\Main_Sampler -1 3 fo 1 NOT_SAMPLED  0  5cd7722a60606bd322851df0b7dd97f4625600cd.fsi'
2018-09-21 08:40:16|   1.5|  0.0|INFORM|Finished saving spatial index into file 'C:\Users\paalp\AppData\Local\Temp\wb-cache--Wm2556\Main_Sampler -1 3 fo 1 NOT_SAMPLED  0  5cd7722a60606bd322851df0b7dd97f4625600cd.fsi'
2018-09-21 08:40:16|   1.5|  0.0|STATS |Stored 33 feature(s) to FME feature store file `C:\Users\paalp\AppData\Local\Temp\wb-cache--Wm2556\Main_AttributeCreator_2 -1 9 fo 0 OUTPUT  0  18ac8861e372f7f9a20710bb16603911ed8bf559.ffsupdating'
2018-09-21 08:40:16|   1.5|  0.0|INFORM|Saving spatial index into file 'C:\Users\paalp\AppData\Local\Temp\wb-cache--Wm2556\Main_AttributeCreator_2 -1 9 fo 0 OUTPUT  0  18ac8861e372f7f9a20710bb16603911ed8bf559.fsi'
2018-09-21 08:40:16|   1.5|  0.0|INFORM|Finished saving spatial index into file 'C:\Users\paalp\AppData\Local\Temp\wb-cache--Wm2556\Main_AttributeCreator_2 -1 9 fo 0 OUTPUT  0  18ac8861e372f7f9a20710bb16603911ed8bf559.fsi'
2018-09-21 08:40:16|   1.5|  0.0|STATS |Stored 99 feature(s) to FME feature store file `C:\Users\paalp\AppData\Local\Temp\wb-cache--Wm2556\Main_Junction -1 13 fo 0 Output  0  1baa52fc2993a85acff8665439b175c421819452.ffsupdating'
2018-09-21 08:40:16|   1.5|  0.0|INFORM|Saving spatial index into file 'C:\Users\paalp\AppData\Local\Temp\wb-cache--Wm2556\Main_Junction -1 13 fo 0 Output  0  1baa52fc2993a85acff8665439b175c421819452.fsi'
2018-09-21 08:40:16|   1.5|  0.0|INFORM|Finished saving spatial index into file 'C:\Users\paalp\AppData\Local\Temp\wb-cache--Wm2556\Main_Junction -1 13 fo 0 Output  0  1baa52fc2993a85acff8665439b175c421819452.fsi'
2018-09-21 08:40:16|   1.5|  0.0|STATS |Stored 33 feature(s) to FME feature store file `C:\Users\paalp\AppData\Local\Temp\wb-cache--Wm2556\Main_Sampler -1 3 fo 0 SAMPLED  0  ce67a11468cac35f48560ac6fe205c503926d152.ffsupdating'
2018-09-21 08:40:16|   1.5|  0.0|INFORM|Saving spatial index into file 'C:\Users\paalp\AppData\Local\Temp\wb-cache--Wm2556\Main_Sampler -1 3 fo 0 SAMPLED  0  ce67a11468cac35f48560ac6fe205c503926d152.fsi'
2018-09-21 08:40:16|   1.5|  0.0|INFORM|Finished saving spatial index into file 'C:\Users\paalp\AppData\Local\Temp\wb-cache--Wm2556\Main_Sampler -1 3 fo 0 SAMPLED  0  ce67a11468cac35f48560ac6fe205c503926d152.fsi'
2018-09-21 08:40:16|   1.5|  0.0|STATS |Stored 33 feature(s) to FME feature store file `C:\Users\paalp\AppData\Local\Temp\wb-cache--Wm2556\Main_AttributeCreator_3 -1 10 fo 0 OUTPUT  0  88fafac04022c55df7f9a3982cc37c4ecd42e98b.ffsupdating'
2018-09-21 08:40:16|   1.5|  0.0|INFORM|Saving spatial index into file 'C:\Users\paalp\AppData\Local\Temp\wb-cache--Wm2556\Main_AttributeCreator_3 -1 10 fo 0 OUTPUT  0  88fafac04022c55df7f9a3982cc37c4ecd42e98b.fsi'
2018-09-21 08:40:16|   1.5|  0.0|INFORM|Finished saving spatial index into file 'C:\Users\paalp\AppData\Local\Temp\wb-cache--Wm2556\Main_AttributeCreator_3 -1 10 fo 0 OUTPUT  0  88fafac04022c55df7f9a3982cc37c4ecd42e98b.fsi'
2018-09-21 08:40:16|   1.5|  0.0|STATS |Stored 102 feature(s) to FME feature store file `C:\Users\paalp\AppData\Local\Temp\wb-cache--Wm2556\Main_FeatureTypeFilter_2 -1 49 fo 1 _lt_UNFILTERED_gt_  0  94130451b2b10cebc1f25c870d9b477f7b54cf33.ffsupdating'
2018-09-21 08:40:16|   1.5|  0.0|INFORM|Saving spatial index into file 'C:\Users\paalp\AppData\Local\Temp\wb-cache--Wm2556\Main_FeatureTypeFilter_2 -1 49 fo 1 _lt_UNFILTERED_gt_  0  94130451b2b10cebc1f25c870d9b477f7b54cf33.fsi'
2018-09-21 08:40:16|   1.5|  0.0|INFORM|Finished saving spatial index into file 'C:\Users\paalp\AppData\Local\Temp\wb-cache--Wm2556\Main_FeatureTypeFilter_2 -1 49 fo 1 _lt_UNFILTERED_gt_  0  94130451b2b10cebc1f25c870d9b477f7b54cf33.fsi'
2018-09-21 08:40:16|   1.5|  0.0|STATS |Stored 99 feature(s) to FME feature store file `C:\Users\paalp\AppData\Local\Temp\wb-cache--Wm2556\Main_Tester -1 42 fo 0 PASSED  0  56d16d2856594eb5407f2caa0c640b50cdd6736c.ffsupdating'
2018-09-21 08:40:16|   1.5|  0.0|INFORM|Saving spatial index into file 'C:\Users\paalp\AppData\Local\Temp\wb-cache--Wm2556\Main_Tester -1 42 fo 0 PASSED  0  56d16d2856594eb5407f2caa0c640b50cdd6736c.fsi'
2018-09-21 08:40:16|   1.5|  0.0|INFORM|Finished saving spatial index into file 'C:\Users\paalp\AppData\Local\Temp\wb-cache--Wm2556\Main_Tester -1 42 fo 0 PASSED  0  56d16d2856594eb5407f2caa0c640b50cdd6736c.fsi'
2018-09-21 08:40:16|   1.5|  0.0|STATS |Stored 99 feature(s) to FME feature store file `C:\Users\paalp\AppData\Local\Temp\wb-cache--Wm2556\Main_FeatureTypeFilter_2 -1 49 fo 4 ID_table  0  bb96bccd2a32cb72ee83decc1788771e6af20383.ffsupdating'
2018-09-21 08:40:16|   1.5|  0.0|INFORM|Saving spatial index into file 'C:\Users\paalp\AppData\Local\Temp\wb-cache--Wm2556\Main_FeatureTypeFilter_2 -1 49 fo 4 ID_table  0  bb96bccd2a32cb72ee83decc1788771e6af20383.fsi'
2018-09-21 08:40:16|   1.5|  0.0|INFORM|Finished saving spatial index into file 'C:\Users\paalp\AppData\Local\Temp\wb-cache--Wm2556\Main_FeatureTypeFilter_2 -1 49 fo 4 ID_table  0  bb96bccd2a32cb72ee83decc1788771e6af20383.fsi'
2018-09-21 08:40:16|   1.5|  0.0|STATS |Stored 3 feature(s) to FME feature store file `C:\Users\paalp\AppData\Local\Temp\wb-cache--Wm2556\Main_FeatureTypeFilter_2 -1 49 fo 2 Soda_table  0  e8c0f1554bdfff68edd50bd558e4e773cd67cffc.ffsupdating'
2018-09-21 08:40:16|   1.5|  0.0|INFORM|Saving spatial index into file 'C:\Users\paalp\AppData\Local\Temp\wb-cache--Wm2556\Main_FeatureTypeFilter_2 -1 49 fo 2 Soda_table  0  e8c0f1554bdfff68edd50bd558e4e773cd67cffc.fsi'
2018-09-21 08:40:16|   1.5|  0.0|INFORM|Finished saving spatial index into file 'C:\Users\paalp\AppData\Local\Temp\wb-cache--Wm2556\Main_FeatureTypeFilter_2 -1 49 fo 2 Soda_table  0  e8c0f1554bdfff68edd50bd558e4e773cd67cffc.fsi'
2018-09-21 08:40:16|   1.5|  0.0|STATS |Stored 3 feature(s) to FME feature store file `C:\Users\paalp\AppData\Local\Temp\wb-cache--Wm2556\Main_Tester -1 42 fo 1 FAILED  0  18d2ae8537af32bf3c7ffe70970017c0303e6573.ffsupdating'
2018-09-21 08:40:16|   1.5|  0.0|INFORM|Saving spatial index into file 'C:\Users\paalp\AppData\Local\Temp\wb-cache--Wm2556\Main_Tester -1 42 fo 1 FAILED  0  18d2ae8537af32bf3c7ffe70970017c0303e6573.fsi'
2018-09-21 08:40:16|   1.5|  0.0|INFORM|Finished saving spatial index into file 'C:\Users\paalp\AppData\Local\Temp\wb-cache--Wm2556\Main_Tester -1 42 fo 1 FAILED  0  18d2ae8537af32bf3c7ffe70970017c0303e6573.fsi'
2018-09-21 08:40:16|   1.5|  0.0|STATS |Stored 99 feature(s) to FME feature store file `C:\Users\paalp\AppData\Local\Temp\wb-cache--Wm2556\Main_FeatureTypeFilter_2 -1 49 fo 3 Name_table  0  6214a4fe513813a26df6e21bc9d431268d1abf95.ffsupdating'
2018-09-21 08:40:16|   1.5|  0.0|INFORM|Saving spatial index into file 'C:\Users\paalp\AppData\Local\Temp\wb-cache--Wm2556\Main_FeatureTypeFilter_2 -1 49 fo 3 Name_table  0  6214a4fe513813a26df6e21bc9d431268d1abf95.fsi'
2018-09-21 08:40:16|   1.5|  0.0|INFORM|Finished saving spatial index into file 'C:\Users\paalp\AppData\Local\Temp\wb-cache--Wm2556\Main_FeatureTypeFilter_2 -1 49 fo 3 Name_table  0  6214a4fe513813a26df6e21bc9d431268d1abf95.fsi'
2018-09-21 08:40:16|   1.6|  0.0|STATS |Tester_PASSED Feature Counter -1 47(TeeFactory): Cloned 99 input feature(s) into 99 output feature(s)
2018-09-21 08:40:16|   1.6|  0.0|STATS |Tester_FAILED Feature Counter -1 2147680298(TeeFactory): Cloned 3 input feature(s) into 0 output feature(s)
2018-09-21 08:40:16|   1.6|  0.0|STATS |Destination Feature Type Routing Correlator(RoutingFactory): Tested 300 input feature(s), wrote 300 output feature(s): 0 matched merge filters, 300 were routed to output, 0 could not be routed.
2018-09-21 08:40:16|   1.6|  0.0|STATS |Final Output Nuker(TeeFactory): Cloned 0 input feature(s) into 0 output feature(s)
2018-09-21 08:40:16|   1.7|  0.1|INFORM|SQLite 3 Writer: Truncating table 'name_table'
2018-09-21 08:40:16|   1.7|  0.0|INFORM|SQLite 3 Writer: Dropping table 'SQLite 3 Writer'
2018-09-21 08:40:16|   1.8|  0.2|INFORM|SQLite 3 Writer: Truncating table 'main_data_table'
2018-09-21 08:40:16|   1.8|  0.0|INFORM|SQLite 3 Writer: Dropping table 'SQLite 3 Writer'
2018-09-21 08:40:17|   2.0|  0.2|INFORM|SQLite 3 Writer: Truncating table 'soda_table'
2018-09-21 08:40:17|   2.0|  0.0|INFORM|SQLite 3 Writer: Dropping table 'SQLite 3 Writer'
2018-09-21 08:40:17|   2.1|  0.1|INFORM|SQLite 3 Writer: Truncating table 'id_table'
2018-09-21 08:40:17|   2.1|  0.0|INFORM|SQLite 3 Writer: Dropping table 'SQLite 3 Writer'
2018-09-21 08:40:17|   2.2|  0.1|INFORM|SQLite 3 Writer: Closing `C:\Users\paalp\Documents\GitHub\FME_Dagen_2018\FME_Dagen_2018\PythonCaller\table.db' . Write operation complete
2018-09-21 08:40:17|   2.2|  0.0|INFORM|=-=-=-=-=-=-=-=-=-=-=-=-=-=-=-=-=-=-=-=-=-=-=-=-=-=-=-=-=-=-=-=-=-=-=-=-=-=-=-
2018-09-21 08:40:17|   2.2|  0.0|INFORM|Feature output statistics for `SQLITE3' writer using keyword `SQLITE3_1':
2018-09-21 08:40:17|   2.2|  0.0|STATS |=-=-=-=-=-=-=-=-=-=-=-=-=-=-=-=-=-=-=-=-=-=-=-=-=-=-=-=-=-=-=-=-=-=-=-=-=-=-=-
2018-09-21 08:40:17|   2.2|  0.0|STATS |                               Features Written
2018-09-21 08:40:17|   2.2|  0.0|STATS |=-=-=-=-=-=-=-=-=-=-=-=-=-=-=-=-=-=-=-=-=-=-=-=-=-=-=-=-=-=-=-=-=-=-=-=-=-=-=-
2018-09-21 08:40:17|   2.2|  0.0|STATS |id_table                                                                    99
2018-09-21 08:40:17|   2.2|  0.0|STATS |main_data_table                                                             99
2018-09-21 08:40:17|   2.2|  0.0|STATS |name_table                                                                  99
2018-09-21 08:40:17|   2.2|  0.0|STATS |soda_table                                                                   3
2018-09-21 08:40:17|   2.2|  0.0|STATS |==============================================================================
2018-09-21 08:40:17|   2.2|  0.0|STATS |Total Features Written                                                     300
2018-09-21 08:40:17|   2.2|  0.0|STATS |=-=-=-=-=-=-=-=-=-=-=-=-=-=-=-=-=-=-=-=-=-=-=-=-=-=-=-=-=-=-=-=-=-=-=-=-=-=-=-
2018-09-21 08:40:17|   2.2|  0.0|STATS |=-=-=-=-=-=-=-=-=-=-=-=-=-=-=-=-=-=-=-=-=-=-=-=-=-=-=-=-=-=-=-=-=-=-=-=-=-=-=-
2018-09-21 08:40:17|   2.2|  0.0|STATS |                            Features Read Summary
2018-09-21 08:40:17|   2.2|  0.0|STATS |=-=-=-=-=-=-=-=-=-=-=-=-=-=-=-=-=-=-=-=-=-=-=-=-=-=-=-=-=-=-=-=-=-=-=-=-=-=-=-
2018-09-21 08:40:17|   2.2|  0.0|STATS |==============================================================================
2018-09-21 08:40:17|   2.2|  0.0|STATS |Total Features Read                                                          0
2018-09-21 08:40:17|   2.2|  0.0|STATS |=-=-=-=-=-=-=-=-=-=-=-=-=-=-=-=-=-=-=-=-=-=-=-=-=-=-=-=-=-=-=-=-=-=-=-=-=-=-=-
2018-09-21 08:40:17|   2.2|  0.0|STATS |=-=-=-=-=-=-=-=-=-=-=-=-=-=-=-=-=-=-=-=-=-=-=-=-=-=-=-=-=-=-=-=-=-=-=-=-=-=-=-
2018-09-21 08:40:17|   2.2|  0.0|STATS |                           Features Written Summary
2018-09-21 08:40:17|   2.2|  0.0|STATS |=-=-=-=-=-=-=-=-=-=-=-=-=-=-=-=-=-=-=-=-=-=-=-=-=-=-=-=-=-=-=-=-=-=-=-=-=-=-=-
2018-09-21 08:40:17|   2.2|  0.0|STATS |id_table                                                                    99
2018-09-21 08:40:17|   2.2|  0.0|STATS |main_data_table                                                             99
2018-09-21 08:40:17|   2.2|  0.0|STATS |name_table                                                                  99
2018-09-21 08:40:17|   2.2|  0.0|STATS |soda_table                                                                   3
2018-09-21 08:40:17|   2.2|  0.0|STATS |==============================================================================
2018-09-21 08:40:17|   2.2|  0.0|STATS |Total Features Written                                                     300
2018-09-21 08:40:17|   2.2|  0.0|STATS |=-=-=-=-=-=-=-=-=-=-=-=-=-=-=-=-=-=-=-=-=-=-=-=-=-=-=-=-=-=-=-=-=-=-=-=-=-=-=-
2018-09-21 08:40:17|   2.2|  0.0|WARN  |-~-~-~-~-~-~-~-~-~-~-~-~-~-~-~-~-~-~-~-~-~-~-~-~-~-~-~-~-~-~-~-~-~-~-~-~-~-~-~-~-
2018-09-21 08:40:17|   2.2|  0.0|WARN  |-~                                                                             ~-
2018-09-21 08:40:17|   2.2|  0.0|WARN  |-~    Feature caches have been recorded at every stage of the translation.     ~-
2018-09-21 08:40:17|   2.2|  0.0|WARN  |-~                      To inspect the recorded features,                      ~-
2018-09-21 08:40:17|   2.2|  0.0|WARN  |-~              click the feature cache icons next to the ports.               ~-
2018-09-21 08:40:17|   2.2|  0.0|WARN  |-~                                                                             ~-
2018-09-21 08:40:17|   2.2|  0.0|WARN  |-~-~-~-~-~-~-~-~-~-~-~-~-~-~-~-~-~-~-~-~-~-~-~-~-~-~-~-~-~-~-~-~-~-~-~-~-~-~-~-~-
2018-09-21 08:40:17|   2.2|  0.0|INFORM|Translation was SUCCESSFUL with 7 warning(s) (300 feature(s) output)
2018-09-21 08:40:17|   2.2|  0.0|INFORM|FME Session Duration: 3.5 seconds. (CPU: 1.2s user, 0.8s system)
2018-09-21 08:40:17|   2.2|  0.0|INFORM|END - ProcessID: 23416, peak process memory usage: 78924 kB, current process memory usage: 58936 kB
